mycudaexecutable.dir\debug\kernel.obj
c:\users\maxfi\source\repos\cuda-cnn\build\cmakefiles\generate.stamp
c:\users\maxfi\source\repos\cuda-cnn\build\debug\mycudaexecutable.exe
c:\users\maxfi\source\repos\cuda-cnn\build\mycudaexecutable.dir\debug\mycudaexecutable.ilk
c:\users\maxfi\source\repos\cuda-cnn\build\debug\mycudaexecutable.pdb
c:\users\maxfi\source\repos\cuda-cnn\build\debug\mycudaexecutable.lib
c:\users\maxfi\source\repos\cuda-cnn\build\debug\mycudaexecutable.exp
c:\users\maxfi\source\repos\cuda-cnn\build\mycudaexecutable.dir\debug\kernel.cu.cache
c:\users\maxfi\source\repos\cuda-cnn\build\mycudaexecutable.dir\debug\kernel.obj
c:\users\maxfi\source\repos\cuda-cnn\build\mycudaexecutable.dir\debug\vc142.pdb
c:\users\maxfi\source\repos\cuda-cnn\build\mycudaexecutable.dir\debug\mycudaexecutable.tlog\cl.command.1.tlog
c:\users\maxfi\source\repos\cuda-cnn\build\mycudaexecutable.dir\debug\mycudaexecutable.tlog\cudacompile.read.1u.tlog
c:\users\maxfi\source\repos\cuda-cnn\build\mycudaexecutable.dir\debug\mycudaexecutable.tlog\cudacompile.write.1u.tlog
c:\users\maxfi\source\repos\cuda-cnn\build\mycudaexecutable.dir\debug\mycudaexecutable.tlog\custombuild.command.1.tlog
c:\users\maxfi\source\repos\cuda-cnn\build\mycudaexecutable.dir\debug\mycudaexecutable.tlog\custombuild.read.1.tlog
c:\users\maxfi\source\repos\cuda-cnn\build\mycudaexecutable.dir\debug\mycudaexecutable.tlog\custombuild.write.1.tlog
c:\users\maxfi\source\repos\cuda-cnn\build\mycudaexecutable.dir\debug\mycudaexecutable.tlog\link.command.1.tlog
c:\users\maxfi\source\repos\cuda-cnn\build\mycudaexecutable.dir\debug\mycudaexecutable.tlog\link.read.1.tlog
c:\users\maxfi\source\repos\cuda-cnn\build\mycudaexecutable.dir\debug\mycudaexecutable.tlog\link.write.1.tlog
c:\users\maxfi\source\repos\cuda-cnn\build\mycudaexecutable.dir\debug\mycudaexecutable.tlog\mycudaexecutable.write.1u.tlog
